<?xml version="1.0" encoding="UTF-8"?>
<testsuite xmlns:xsi="http://www.w3.org/2001/XMLSchema-instance" xsi:noNamespaceSchemaLocation="https://maven.apache.org/surefire/maven-surefire-plugin/xsd/surefire-test-report.xsd" name="kjd.gspro.api.PublisherTest" time="0.879" tests="5" errors="0" skipped="0" failures="0">
  <properties>
[...]
</properties>
  <testcase name="cancel_shouldRemoveSubscriber" classname="kjd.gspro.api.PublisherTest" time="0.536"/>
  <testcase name="onNext_calledRequestedTimes" classname="kjd.gspro.api.PublisherTest" time="0.015"/>
  <testcase name="subscribe_withDuplicate_error" classname="kjd.gspro.api.PublisherTest" time="0.001"/>
  <testcase name="subscribe_withoutDuplicate_isSuccessful" classname="kjd.gspro.api.PublisherTest" time="0.001"/>
  <testcase name="onNext_calledUnlimited_ish" classname="kjd.gspro.api.PublisherTest" time="0.001"/>
</testsuite>