<?xml version="1.0" encoding="UTF-8"?>
<testsuite xmlns:xsi="http://www.w3.org/2001/XMLSchema-instance" xsi:noNamespaceSchemaLocation="https://maven.apache.org/surefire/maven-surefire-plugin/xsd/surefire-test-report.xsd" name="kjd.gspro.api.v1.ClientImplTest" time="0.252" tests="14" errors="0" skipped="0" failures="1">
  <properties>
[...]
</properties>
  <testcase name="testGetHost_defaultValue" classname="kjd.gspro.api.v1.ClientImplTest" time="0.053"/>
  <testcase name="testGetStatusPublisher" classname="kjd.gspro.api.v1.ClientImplTest" time="0.001"/>
  <testcase name="testGetHost_customValue" classname="kjd.gspro.api.v1.ClientImplTest" time="0.002"/>
  <testcase name="testGetTimeout_defaultTimeout" classname="kjd.gspro.api.v1.ClientImplTest" time="0"/>
  <testcase name="testSend_connection_failure" classname="kjd.gspro.api.v1.ClientImplTest" time="0.074"/>
  <testcase name="testSend_connection_successful" classname="kjd.gspro.api.v1.ClientImplTest" time="0.001"/>
  <testcase name="testSend_noConnection" classname="kjd.gspro.api.v1.ClientImplTest" time="0"/>
  <testcase name="testIsconnected_afterDisconnect" classname="kjd.gspro.api.v1.ClientImplTest" time="0.001"/>
  <testcase name="testSubscribe" classname="kjd.gspro.api.v1.ClientImplTest" time="0.115">
    <failure message="&#10;Wanted but not invoked:&#10;publisher.complete();&#10;-&gt; at kjd.gspro.api.v1.ClientImplTest.testSubscribe(ClientImplTest.java:179)&#10;&#10;However, there were other interactions with this mock:&#10;publisher.publish(&#10;    Status(code=100, message=Connecting to GS Pro..., player=null, connected=false)&#10;);&#10;-&gt; at kjd.gspro.api.v1.ClientImpl.connect(ClientImpl.java:88)&#10;&#10;publisher.publish(&#10;    Status(code=100, message=Connected to GS Pro!, player=null, connected=true)&#10;);&#10;-&gt; at kjd.gspro.api.v1.ClientImpl.connect(ClientImpl.java:88)&#10;&#10;" type="org.mockito.exceptions.verification.WantedButNotInvoked">org.mockito.exceptions.verification.WantedButNotInvoked: 

Wanted but not invoked:
publisher.complete();
-> at kjd.gspro.api.v1.ClientImplTest.testSubscribe(ClientImplTest.java:179)

However, there were other interactions with this mock:
publisher.publish(
    Status(code=100, message=Connecting to GS Pro..., player=null, connected=false)
);
-> at kjd.gspro.api.v1.ClientImpl.connect(ClientImpl.java:88)

publisher.publish(
    Status(code=100, message=Connected to GS Pro!, player=null, connected=true)
);
-> at kjd.gspro.api.v1.ClientImpl.connect(ClientImpl.java:88)


	at kjd.gspro.api.v1.ClientImplTest.testSubscribe(ClientImplTest.java:179)
</failure>
  </testcase>
  <testcase name="testGetPort_defaultPort" classname="kjd.gspro.api.v1.ClientImplTest" time="0"/>
  <testcase name="testGetPort_customPort" classname="kjd.gspro.api.v1.ClientImplTest" time="0"/>
  <testcase name="testGetTimeout_customTimeout" classname="kjd.gspro.api.v1.ClientImplTest" time="0"/>
  <testcase name="testIsConnected_successfulConnection" classname="kjd.gspro.api.v1.ClientImplTest" time="0"/>
  <testcase name="testIsConnected_initialized_noConnection" classname="kjd.gspro.api.v1.ClientImplTest" time="0"/>
</testsuite>